<?xml version="1.0" encoding="UTF-8"?>
<!-- Generated by org.testng.reporters.JUnitXMLReporter -->
<testsuite ignored="6" hostname="emels-MacBook-Pro.local" failures="1" tests="7" name="Command line test" time="85.566" errors="0" timestamp="03 Apr 2020 20:23:30 GMT">
  <testcase classname="com.weborders.tests.smoke_test.PageHeadersTest" name="pageHeadersTest" time="2.828"/>
  <testcase classname="com.weborders.tests.functional_tests.PositiveTest" name="ValidCredentials" time="0.802"/>
  <testcase classname="com.weborders.tests.functional_tests.OrderPageTest" name="orderInfo" time="2.922"/>
  <testcase classname="com.weborders.tests.functional_tests.NegativeTest" name="wrongEmailTest" time="0.076">
    <failure type="java.lang.IllegalArgumentException" message="Keys to send should be a not null CharSequence">
      <![CDATA[java.lang.IllegalArgumentException: Keys to send should be a not null CharSequence
at org.openqa.selenium.remote.RemoteWebElement.sendKeys(RemoteWebElement.java:97)
at org.openqa.selenium.support.pagefactory.internal.LocatingElementHandler.invoke(LocatingElementHandler.java:51)
at com.sun.proxy.$Proxy14.sendKeys(Unknown Source)
at com.weborders.tests.functional_tests.NegativeTest.wrongEmailTest(NegativeTest.java:23)
... Removed 38 stack frames]]>
    </failure>
  </testcase> <!-- wrongEmailTest -->
  <testcase classname="com.weborders.tests.functional_tests.NegativeTest" name="wrongPassword" time="0.362"/>
  <testcase classname="com.weborders.tests.functional_tests.PositiveTest" name="ViewAllOrdersPage" time="1.839"/>
  <testcase classname="com.weborders.tests.functional_tests.NegativeTest" name="blankUserName" time="0.784"/>
  <testcase classname="com.weborders.utilities.TestBase" name="@AfterTest tearDownTest" time="0.0">
    <ignored/>
  </testcase> <!-- @AfterTest tearDownTest -->
  <testcase classname="com.weborders.utilities.TestBase" name="@AfterTest tearDownTest" time="0.0">
    <ignored/>
  </testcase> <!-- @AfterTest tearDownTest -->
  <testcase classname="com.weborders.utilities.TestBase" name="@AfterTest tearDownTest" time="0.0">
    <ignored/>
  </testcase> <!-- @AfterTest tearDownTest -->
  <testcase classname="com.weborders.utilities.TestBase" name="@BeforeTest setUpTest" time="0.0">
    <ignored/>
  </testcase> <!-- @BeforeTest setUpTest -->
  <testcase classname="com.weborders.utilities.TestBase" name="@BeforeTest setUpTest" time="0.0">
    <ignored/>
  </testcase> <!-- @BeforeTest setUpTest -->
  <testcase classname="com.weborders.utilities.TestBase" name="@BeforeTest setUpTest" time="0.0">
    <ignored/>
  </testcase> <!-- @BeforeTest setUpTest -->
</testsuite> <!-- Command line test -->
